Job started on nid006678 at Fri 12 Dec 2025 10:44:04 PM CET
Working directory: /users/mmeciani/scratch/apertus-project/apertus-finetuning-recipes/query
HF_HOME set to: /users/mmeciani/scratch/apertus-project/huggingface_cache
Python interpreter: /iopsstor/scratch/cscs/mmeciani/apertus-project/.venv/bin/python
Running Python script...
--- Starting Inference for /users/mmeciani/scratch/apertus-project/huggingface_cache/models--swiss-ai--Apertus-8B-Instruct-2509/snapshots/cdb3e4f4ad41e0cc394bb92c302ac2eed57e9586 ---
CUDA Available: True
CUDA Device Name: NVIDIA GH200 120GB
CUDA Device Count: 4
HF_HOME environment variable: /users/mmeciani/scratch/apertus-project/huggingface_cache
HF_HUB_OFFLINE environment variable: 1
Transformers version: 4.57.3
Loading tokenizer from /users/mmeciani/scratch/apertus-project/huggingface_cache/models--swiss-ai--Apertus-8B-Instruct-2509/snapshots/cdb3e4f4ad41e0cc394bb92c302ac2eed57e9586...
Loading model from /users/mmeciani/scratch/apertus-project/huggingface_cache/models--swiss-ai--Apertus-8B-Instruct-2509/snapshots/cdb3e4f4ad41e0cc394bb92c302ac2eed57e9586 (device_map='auto', torch_dtype=bfloat16)...
Model loaded on device: cuda:0
Model dtype: torch.bfloat16
=== example 0 ===
correct: 0
total: 1
accuracy: 0.0
correct: 42
total: 100
accuracy: 0.42
Python script finished.
Job ended at Fri 12 Dec 2025 10:45:00 PM CET
